Using pre-set license
Built from '2021.3/staging' branch; Version is '2021.3.4f1 (cb45f9cae8b7) revision 13321721'; Using compiler version '192829333'; Build Type 'Release'
OS: 'Windows 10  (10.0.19044) 64bit Professional' Language: 'en' Physical Memory: 15722 MB
BatchMode: 1, IsHumanControllingUs: 0, StartBugReporterOnCrash: 0, Is64bit: 1, IsPro: 1

COMMAND LINE ARGUMENTS:
C:\Program Files\Unity\Hub\Editor\2021.3.4f1\Editor\Unity.exe
-adb2
-batchMode
-noUpm
-name
AssetImportWorker2
-projectPath
C:/Users/SCIO/Documents/UnityCollab/StrawhatAdventure
-logFile
Logs/AssetImportWorker2.log
-srvPort
51970
Successfully changed project path to: C:/Users/SCIO/Documents/UnityCollab/StrawhatAdventure
C:/Users/SCIO/Documents/UnityCollab/StrawhatAdventure
[UnityMemory] Configuration Parameters - Can be set up in boot.config
    "memorysetup-bucket-allocator-granularity=16"
    "memorysetup-bucket-allocator-bucket-count=8"
    "memorysetup-bucket-allocator-block-size=33554432"
    "memorysetup-bucket-allocator-block-count=8"
    "memorysetup-main-allocator-block-size=16777216"
    "memorysetup-thread-allocator-block-size=16777216"
    "memorysetup-gfx-main-allocator-block-size=16777216"
    "memorysetup-gfx-thread-allocator-block-size=16777216"
    "memorysetup-cache-allocator-block-size=4194304"
    "memorysetup-typetree-allocator-block-size=2097152"
    "memorysetup-profiler-bucket-allocator-granularity=16"
    "memorysetup-profiler-bucket-allocator-bucket-count=8"
    "memorysetup-profiler-bucket-allocator-block-size=33554432"
    "memorysetup-profiler-bucket-allocator-block-count=8"
    "memorysetup-profiler-allocator-block-size=16777216"
    "memorysetup-profiler-editor-allocator-block-size=1048576"
    "memorysetup-temp-allocator-size-main=16777216"
    "memorysetup-job-temp-allocator-block-size=2097152"
    "memorysetup-job-temp-allocator-block-size-background=1048576"
    "memorysetup-job-temp-allocator-reduction-small-platforms=262144"
    "memorysetup-temp-allocator-size-background-worker=32768"
    "memorysetup-temp-allocator-size-job-worker=262144"
    "memorysetup-temp-allocator-size-preload-manager=33554432"
    "memorysetup-temp-allocator-size-nav-mesh-worker=65536"
    "memorysetup-temp-allocator-size-audio-worker=65536"
    "memorysetup-temp-allocator-size-cloud-worker=32768"
    "memorysetup-temp-allocator-size-gi-baking-worker=262144"
    "memorysetup-temp-allocator-size-gfx=262144"
Refreshing native plugins compatible for Editor in 78.59 ms, found 4 plugins.
Preloading 0 native plugins for Editor in 0.00 ms.
Initialize engine version: 2021.3.4f1 (cb45f9cae8b7)
[Subsystems] Discovering subsystems at path C:/Program Files/Unity/Hub/Editor/2021.3.4f1/Editor/Data/Resources/UnitySubsystems
[Subsystems] Discovering subsystems at path C:/Users/SCIO/Documents/UnityCollab/StrawhatAdventure/Assets
GfxDevice: creating device client; threaded=0; jobified=0
Direct3D:
    Version:  Direct3D 11.0 [level 11.1]
    Renderer: NVIDIA GeForce RTX 3050 (ID=0x2507)
    Vendor:   NVIDIA
    VRAM:     8056 MB
    Driver:   31.0.15.3179
Initialize mono
Mono path[0] = 'C:/Program Files/Unity/Hub/Editor/2021.3.4f1/Editor/Data/Managed'
Mono path[1] = 'C:/Program Files/Unity/Hub/Editor/2021.3.4f1/Editor/Data/MonoBleedingEdge/lib/mono/unityjit-win32'
Mono config path = 'C:/Program Files/Unity/Hub/Editor/2021.3.4f1/Editor/Data/MonoBleedingEdge/etc'
Using monoOptions --debugger-agent=transport=dt_socket,embedding=1,server=y,suspend=n,address=127.0.0.1:56364
Begin MonoManager ReloadAssembly
Registering precompiled unity dll's ...
Register platform support module: C:/Program Files/Unity/Hub/Editor/2021.3.4f1/Editor/Data/PlaybackEngines/WebGLSupport/UnityEditor.WebGL.Extensions.dll
Register platform support module: C:/Program Files/Unity/Hub/Editor/2021.3.4f1/Editor/Data/PlaybackEngines/WindowsStandaloneSupport/UnityEditor.WindowsStandalone.Extensions.dll
Registered in 0.006485 seconds.
Native extension for WindowsStandalone target not found
Native extension for WebGL target not found
Refreshing native plugins compatible for Editor in 79.52 ms, found 4 plugins.
Preloading 0 native plugins for Editor in 0.00 ms.
Mono: successfully reloaded assembly
- Completed reload, in  0.547 seconds
Domain Reload Profiling:
	ReloadAssembly (547ms)
		BeginReloadAssembly (64ms)
			ExecutionOrderSort (0ms)
			DisableScriptedObjects (0ms)
			BackupInstance (0ms)
			ReleaseScriptingObjects (0ms)
			CreateAndSetChildDomain (1ms)
		EndReloadAssembly (389ms)
			LoadAssemblies (62ms)
			RebuildTransferFunctionScriptingTraits (0ms)
			SetupTypeCache (88ms)
			ReleaseScriptCaches (0ms)
			RebuildScriptCaches (22ms)
			SetupLoadedEditorAssemblies (234ms)
				LogAssemblyErrors (0ms)
				InitializePlatformSupportModulesInManaged (8ms)
				SetLoadedEditorAssemblies (0ms)
				RefreshPlugins (80ms)
				BeforeProcessingInitializeOnLoad (1ms)
				ProcessInitializeOnLoadAttributes (105ms)
				ProcessInitializeOnLoadMethodAttributes (40ms)
				AfterProcessingInitializeOnLoad (0ms)
				EditorAssembliesLoaded (0ms)
			ExecutionOrderSort2 (0ms)
			AwakeInstancesAfterBackupRestoration (0ms)
Platform modules already initialized, skipping
Registering precompiled user dll's ...
Registered in 0.005772 seconds.
Begin MonoManager ReloadAssembly
Symbol file LoadedFromMemory doesn't match image C:\Users\SCIO\Documents\UnityCollab\StrawhatAdventure\Library\PackageCache\com.unity.visualscripting@1.8.0\Editor\VisualScripting.Core\Dependencies\YamlDotNet\Unity.VisualScripting.YamlDotNet.dll
Symbol file LoadedFromMemory doesn't match image C:\Users\SCIO\Documents\UnityCollab\StrawhatAdventure\Library\PackageCache\com.unity.visualscripting@1.8.0\Editor\VisualScripting.Core\Dependencies\DotNetZip\Unity.VisualScripting.IonicZip.dll
Native extension for WindowsStandalone target not found
Native extension for WebGL target not found
Refreshing native plugins compatible for Editor in 74.56 ms, found 4 plugins.
Preloading 0 native plugins for Editor in 0.00 ms.
Mono: successfully reloaded assembly
- Completed reload, in  1.081 seconds
Domain Reload Profiling:
	ReloadAssembly (1082ms)
		BeginReloadAssembly (95ms)
			ExecutionOrderSort (0ms)
			DisableScriptedObjects (5ms)
			BackupInstance (0ms)
			ReleaseScriptingObjects (0ms)
			CreateAndSetChildDomain (18ms)
		EndReloadAssembly (888ms)
			LoadAssemblies (77ms)
			RebuildTransferFunctionScriptingTraits (0ms)
			SetupTypeCache (184ms)
			ReleaseScriptCaches (0ms)
			RebuildScriptCaches (45ms)
			SetupLoadedEditorAssemblies (541ms)
				LogAssemblyErrors (0ms)
				InitializePlatformSupportModulesInManaged (5ms)
				SetLoadedEditorAssemblies (0ms)
				RefreshPlugins (75ms)
				BeforeProcessingInitializeOnLoad (85ms)
				ProcessInitializeOnLoadAttributes (340ms)
				ProcessInitializeOnLoadMethodAttributes (29ms)
				AfterProcessingInitializeOnLoad (7ms)
				EditorAssembliesLoaded (0ms)
			ExecutionOrderSort2 (0ms)
			AwakeInstancesAfterBackupRestoration (5ms)
Platform modules already initialized, skipping
========================================================================
Worker process is ready to serve import requests
Launched and connected shader compiler UnityShaderCompiler.exe after 0.04 seconds
Refreshing native plugins compatible for Editor in 1.23 ms, found 4 plugins.
Preloading 0 native plugins for Editor in 0.00 ms.
Unloading 3731 Unused Serialized files (Serialized files now loaded: 0)
Unloading 35 unused Assets / (55.6 KB). Loaded Objects now: 4189.
Memory consumption went from 142.6 MB to 142.6 MB.
Total: 3.434900 ms (FindLiveObjects: 0.341900 ms CreateObjectMapping: 0.153700 ms MarkObjects: 2.871700 ms  DeleteObjects: 0.066800 ms)

AssetImportParameters requested are different than current active one (requested -> active):
  custom:video-decoder-ogg-theora: a1e56fd34408186e4bbccfd4996cb3dc -> 
  custom:container-muxer-webm: aa71ff27fc2769a1b78a27578f13a17b -> 
  custom:container-demuxer-webm: 4f35f7cbe854078d1ac9338744f61a02 -> 
  custom:video-encoder-webm-vp8: eb34c28f22e8b96e1ab97ce403110664 -> 
  custom:audio-encoder-webm-vorbis: bf7c407c2cedff20999df2af8eb42d56 -> 
  custom:framework-win-MediaFoundation: 216162199b28c13a410421893ffa2e32 -> 
  custom:container-demuxer-ogg: 62fdf1f143b41e24485cea50d1cbac27 -> 
  custom:video-decoder-webm-vp8: 9c59270c3fd7afecdb556c50c9e8de78 -> 
  custom:audio-decoder-ogg-vorbis: bf7c407c2cedff20999df2af8eb42d56 -> 
========================================================================
Received Import Request.
  Time since last request: 217494.581280 seconds.
  path: Assets/Character/Hit/Hit1.png
  artifactKey: Guid(07a66e9c20295c048a40eda992890964) Importer(815301076,1909f56bfc062723c751e8b465ee728b)
Start importing Assets/Character/Hit/Hit1.png using Guid(07a66e9c20295c048a40eda992890964) Importer(815301076,1909f56bfc062723c751e8b465ee728b)  -> (artifact id: '6621b8073b4716db2c1e35b97159baa7') in 0.096942 seconds 
========================================================================
Received Import Request.
  Time since last request: 1.994358 seconds.
  path: Assets/Character/Jump/jump1.png
  artifactKey: Guid(f8c74c1370edd1c4597e2235c607a6e7) Importer(815301076,1909f56bfc062723c751e8b465ee728b)
Start importing Assets/Character/Jump/jump1.png using Guid(f8c74c1370edd1c4597e2235c607a6e7) Importer(815301076,1909f56bfc062723c751e8b465ee728b)  -> (artifact id: '638cf22c223d1fa5ab91595093e65b54') in 0.016807 seconds 
========================================================================
Received Import Request.
  Time since last request: 0.479238 seconds.
  path: Assets/Character/Special Ability/Special Ability1.png
  artifactKey: Guid(bd14f32ffe9ffa14abe5ae73bd829039) Importer(815301076,1909f56bfc062723c751e8b465ee728b)
Start importing Assets/Character/Special Ability/Special Ability1.png using Guid(bd14f32ffe9ffa14abe5ae73bd829039) Importer(815301076,1909f56bfc062723c751e8b465ee728b)  -> (artifact id: 'c1eb8a820e0044ad937956c545708f44') in 0.018908 seconds 
========================================================================
Received Import Request.
  Time since last request: 0.000017 seconds.
  path: Assets/Character/Special Ability/Special Ability8.png
  artifactKey: Guid(0bfb9cf935127d94fbffc9c90138c322) Importer(815301076,1909f56bfc062723c751e8b465ee728b)
Start importing Assets/Character/Special Ability/Special Ability8.png using Guid(0bfb9cf935127d94fbffc9c90138c322) Importer(815301076,1909f56bfc062723c751e8b465ee728b)  -> (artifact id: 'f01bddb3ae1665abc8e69504eeb7479d') in 0.018391 seconds 
========================================================================
Received Import Request.
  Time since last request: 0.000024 seconds.
  path: Assets/Character/Special Ability/Special Ability4.png
  artifactKey: Guid(6fa289dd47aa48646a6c8db3ed3b4265) Importer(815301076,1909f56bfc062723c751e8b465ee728b)
Start importing Assets/Character/Special Ability/Special Ability4.png using Guid(6fa289dd47aa48646a6c8db3ed3b4265) Importer(815301076,1909f56bfc062723c751e8b465ee728b)  -> (artifact id: '926910b46ccade25b2f1336d88c83e8b') in 0.018623 seconds 
========================================================================
Received Import Request.
  Time since last request: 2.237881 seconds.
  path: Assets/Character/Death/Death1.png
  artifactKey: Guid(d411109ad4c22e949b33fe4c9dde796e) Importer(815301076,1909f56bfc062723c751e8b465ee728b)
Start importing Assets/Character/Death/Death1.png using Guid(d411109ad4c22e949b33fe4c9dde796e) Importer(815301076,1909f56bfc062723c751e8b465ee728b)  -> (artifact id: '54d9dd4049ffa089ee8099e1010e809c') in 0.021068 seconds 
========================================================================
Received Import Request.
  Time since last request: 74.973477 seconds.
  path: Assets/Animation/Player.controller
  artifactKey: Guid(604ae201c29b7ad41b275268ecb914d3) Importer(815301076,1909f56bfc062723c751e8b465ee728b)
Start importing Assets/Animation/Player.controller using Guid(604ae201c29b7ad41b275268ecb914d3) Importer(815301076,1909f56bfc062723c751e8b465ee728b)  -> (artifact id: 'ec5d39ac752893ba5bd0f9ee8fa92b73') in 0.009829 seconds 
========================================================================
Received Import Request.
  Time since last request: 3.534397 seconds.
  path: Assets/Animation/Player_Attack.anim
  artifactKey: Guid(07f55746530a52a42ba55818992f8943) Importer(815301076,1909f56bfc062723c751e8b465ee728b)
Start importing Assets/Animation/Player_Attack.anim using Guid(07f55746530a52a42ba55818992f8943) Importer(815301076,1909f56bfc062723c751e8b465ee728b)  -> (artifact id: '7c80a7ce69bb0c6067cc43f1a561ecdb') in 0.008055 seconds 
========================================================================
Received Import Request.
  Time since last request: 48.471731 seconds.
  path: Assets/Character/Run/run1.png
  artifactKey: Guid(d7ef4d4af94cdb443bcb278fa6f09d46) Importer(815301076,1909f56bfc062723c751e8b465ee728b)
Start importing Assets/Character/Run/run1.png using Guid(d7ef4d4af94cdb443bcb278fa6f09d46) Importer(815301076,1909f56bfc062723c751e8b465ee728b)  -> (artifact id: 'b3f45c270bccb78b6a03edb46f23e066') in 0.021280 seconds 
========================================================================
Received Import Request.
  Time since last request: 0.000018 seconds.
  path: Assets/Character/Run/run8.png
  artifactKey: Guid(28fc4c5ecfbfe2e428733ab661354aba) Importer(815301076,1909f56bfc062723c751e8b465ee728b)
Start importing Assets/Character/Run/run8.png using Guid(28fc4c5ecfbfe2e428733ab661354aba) Importer(815301076,1909f56bfc062723c751e8b465ee728b)  -> (artifact id: '089fbafe1a0ca0257f68f6a59e90ae6d') in 0.018519 seconds 
========================================================================
Received Import Request.
  Time since last request: 0.000023 seconds.
  path: Assets/Character/Run/run5.png
  artifactKey: Guid(ae2724c40591ef444b32c49b4b9426bd) Importer(815301076,1909f56bfc062723c751e8b465ee728b)
Start importing Assets/Character/Run/run5.png using Guid(ae2724c40591ef444b32c49b4b9426bd) Importer(815301076,1909f56bfc062723c751e8b465ee728b)  -> (artifact id: '3b7b35604ae4f91ae4f5e10dbfedfcb1') in 0.016383 seconds 
========================================================================
Received Import Request.
  Time since last request: 0.000022 seconds.
  path: Assets/Character/Run/run6.png
  artifactKey: Guid(e390783ad1f6f4343811dc9b4aa1f40d) Importer(815301076,1909f56bfc062723c751e8b465ee728b)
Start importing Assets/Character/Run/run6.png using Guid(e390783ad1f6f4343811dc9b4aa1f40d) Importer(815301076,1909f56bfc062723c751e8b465ee728b)  -> (artifact id: 'af2af66bfaa2c9f936652470ffc17b3a') in 0.017273 seconds 
========================================================================
Received Import Request.
  Time since last request: 5.403969 seconds.
  path: Assets/Character/Attack/attack1.png
  artifactKey: Guid(71812d6e341159040ae1bb01d1377ae0) Importer(815301076,1909f56bfc062723c751e8b465ee728b)
Start importing Assets/Character/Attack/attack1.png using Guid(71812d6e341159040ae1bb01d1377ae0) Importer(815301076,1909f56bfc062723c751e8b465ee728b)  -> (artifact id: '8f163158be7ef05e470b71a857e3c73e') in 0.018434 seconds 
========================================================================
Received Import Request.
  Time since last request: 7.053835 seconds.
  path: Assets/Scrip/ArrowRotation.cs
  artifactKey: Guid(467c72d73c7122a41ba8bb162d793579) Importer(815301076,1909f56bfc062723c751e8b465ee728b)
Start importing Assets/Scrip/ArrowRotation.cs using Guid(467c72d73c7122a41ba8bb162d793579) Importer(815301076,1909f56bfc062723c751e8b465ee728b)  -> (artifact id: '00a2c86c4c710e9d14d3588937785b92') in 0.011932 seconds 
========================================================================
Received Import Request.
  Time since last request: 1.600809 seconds.
  path: Assets/Scrip/ngehack.cs
  artifactKey: Guid(c2c030204545b6f43bd6c8e8c87815b1) Importer(815301076,1909f56bfc062723c751e8b465ee728b)
Start importing Assets/Scrip/ngehack.cs using Guid(c2c030204545b6f43bd6c8e8c87815b1) Importer(815301076,1909f56bfc062723c751e8b465ee728b)  -> (artifact id: '26f6ecffe0519a11d1b575f3e8eac036') in 0.007492 seconds 
========================================================================
Received Import Request.
  Time since last request: 1.215962 seconds.
  path: Assets/Scrip/PlayerCombat.cs
  artifactKey: Guid(7c195ce82ae339649ac923c653aac9a9) Importer(815301076,1909f56bfc062723c751e8b465ee728b)
Start importing Assets/Scrip/PlayerCombat.cs using Guid(7c195ce82ae339649ac923c653aac9a9) Importer(815301076,1909f56bfc062723c751e8b465ee728b)  -> (artifact id: 'b2bd7692e831788b5deb09b8203c9293') in 0.008025 seconds 
========================================================================
Received Import Request.
  Time since last request: 22.439791 seconds.
  path: Assets/Scrip/Enemy.cs
  artifactKey: Guid(255861bdefccd77439b686fce03b7be4) Importer(815301076,1909f56bfc062723c751e8b465ee728b)
Start importing Assets/Scrip/Enemy.cs using Guid(255861bdefccd77439b686fce03b7be4) Importer(815301076,1909f56bfc062723c751e8b465ee728b)  -> (artifact id: 'eaf5c9c40be4f479e234820d0b6427be') in 0.008016 seconds 
========================================================================
Received Prepare
Registering precompiled user dll's ...
Registered in 0.004871 seconds.
Begin MonoManager ReloadAssembly
Symbol file LoadedFromMemory doesn't match image C:\Users\SCIO\Documents\UnityCollab\StrawhatAdventure\Library\PackageCache\com.unity.visualscripting@1.8.0\Editor\VisualScripting.Core\Dependencies\YamlDotNet\Unity.VisualScripting.YamlDotNet.dll
Symbol file LoadedFromMemory doesn't match image C:\Users\SCIO\Documents\UnityCollab\StrawhatAdventure\Library\PackageCache\com.unity.visualscripting@1.8.0\Editor\VisualScripting.Core\Dependencies\DotNetZip\Unity.VisualScripting.IonicZip.dll
Native extension for WindowsStandalone target not found
Native extension for WebGL target not found
Refreshing native plugins compatible for Editor in 0.69 ms, found 4 plugins.
Preloading 0 native plugins for Editor in 0.00 ms.
Mono: successfully reloaded assembly
- Completed reload, in  0.963 seconds
Domain Reload Profiling:
	ReloadAssembly (963ms)
		BeginReloadAssembly (113ms)
			ExecutionOrderSort (0ms)
			DisableScriptedObjects (6ms)
			BackupInstance (0ms)
			ReleaseScriptingObjects (0ms)
			CreateAndSetChildDomain (34ms)
		EndReloadAssembly (766ms)
			LoadAssemblies (69ms)
			RebuildTransferFunctionScriptingTraits (0ms)
			SetupTypeCache (191ms)
			ReleaseScriptCaches (1ms)
			RebuildScriptCaches (39ms)
			SetupLoadedEditorAssemblies (423ms)
				LogAssemblyErrors (0ms)
				InitializePlatformSupportModulesInManaged (14ms)
				SetLoadedEditorAssemblies (0ms)
				RefreshPlugins (1ms)
				BeforeProcessingInitializeOnLoad (63ms)
				ProcessInitializeOnLoadAttributes (310ms)
				ProcessInitializeOnLoadMethodAttributes (28ms)
				AfterProcessingInitializeOnLoad (6ms)
				EditorAssembliesLoaded (0ms)
			ExecutionOrderSort2 (0ms)
			AwakeInstancesAfterBackupRestoration (7ms)
Platform modules already initialized, skipping
Refreshing native plugins compatible for Editor in 3.52 ms, found 4 plugins.
Preloading 0 native plugins for Editor in 0.00 ms.
Unloading 3720 Unused Serialized files (Serialized files now loaded: 0)
Unloading 22 unused Assets / (24.7 KB). Loaded Objects now: 4197.
Memory consumption went from 146.3 MB to 146.3 MB.
Total: 3.541100 ms (FindLiveObjects: 0.245500 ms CreateObjectMapping: 0.170400 ms MarkObjects: 3.096500 ms  DeleteObjects: 0.027900 ms)

AssetImportParameters requested are different than current active one (requested -> active):
  custom:video-decoder-ogg-theora: a1e56fd34408186e4bbccfd4996cb3dc -> 
  custom:container-muxer-webm: aa71ff27fc2769a1b78a27578f13a17b -> 
  custom:container-demuxer-webm: 4f35f7cbe854078d1ac9338744f61a02 -> 
  custom:video-encoder-webm-vp8: eb34c28f22e8b96e1ab97ce403110664 -> 
  custom:audio-encoder-webm-vorbis: bf7c407c2cedff20999df2af8eb42d56 -> 
  custom:framework-win-MediaFoundation: 216162199b28c13a410421893ffa2e32 -> 
  custom:container-demuxer-ogg: 62fdf1f143b41e24485cea50d1cbac27 -> 
  custom:video-decoder-webm-vp8: 9c59270c3fd7afecdb556c50c9e8de78 -> 
  custom:audio-decoder-ogg-vorbis: bf7c407c2cedff20999df2af8eb42d56 -> 
========================================================================
Received Import Request.
  Time since last request: 235.336038 seconds.
  path: Assets/Animation/Player_Run.anim
  artifactKey: Guid(3576ec1bd37c0da4daf67e4aa70ce5ec) Importer(815301076,1909f56bfc062723c751e8b465ee728b)
Start importing Assets/Animation/Player_Run.anim using Guid(3576ec1bd37c0da4daf67e4aa70ce5ec) Importer(815301076,1909f56bfc062723c751e8b465ee728b)  -> (artifact id: 'f5d001a0dc82f3af419e16946f67f6e2') in 0.020599 seconds 
========================================================================
Received Prepare
Registering precompiled user dll's ...
Registered in 0.004798 seconds.
Begin MonoManager ReloadAssembly
Symbol file LoadedFromMemory doesn't match image C:\Users\SCIO\Documents\UnityCollab\StrawhatAdventure\Library\PackageCache\com.unity.visualscripting@1.8.0\Editor\VisualScripting.Core\Dependencies\YamlDotNet\Unity.VisualScripting.YamlDotNet.dll
Symbol file LoadedFromMemory doesn't match image C:\Users\SCIO\Documents\UnityCollab\StrawhatAdventure\Library\PackageCache\com.unity.visualscripting@1.8.0\Editor\VisualScripting.Core\Dependencies\DotNetZip\Unity.VisualScripting.IonicZip.dll
Native extension for WindowsStandalone target not found
Native extension for WebGL target not found
Refreshing native plugins compatible for Editor in 0.66 ms, found 4 plugins.
Preloading 0 native plugins for Editor in 0.00 ms.
Mono: successfully reloaded assembly
- Completed reload, in  0.975 seconds
Domain Reload Profiling:
	ReloadAssembly (975ms)
		BeginReloadAssembly (118ms)
			ExecutionOrderSort (0ms)
			DisableScriptedObjects (6ms)
			BackupInstance (0ms)
			ReleaseScriptingObjects (0ms)
			CreateAndSetChildDomain (35ms)
		EndReloadAssembly (773ms)
			LoadAssemblies (76ms)
			RebuildTransferFunctionScriptingTraits (0ms)
			SetupTypeCache (182ms)
			ReleaseScriptCaches (1ms)
			RebuildScriptCaches (36ms)
			SetupLoadedEditorAssemblies (442ms)
				LogAssemblyErrors (0ms)
				InitializePlatformSupportModulesInManaged (12ms)
				SetLoadedEditorAssemblies (0ms)
				RefreshPlugins (1ms)
				BeforeProcessingInitializeOnLoad (69ms)
				ProcessInitializeOnLoadAttributes (324ms)
				ProcessInitializeOnLoadMethodAttributes (29ms)
				AfterProcessingInitializeOnLoad (7ms)
				EditorAssembliesLoaded (0ms)
			ExecutionOrderSort2 (0ms)
			AwakeInstancesAfterBackupRestoration (7ms)
Platform modules already initialized, skipping
Refreshing native plugins compatible for Editor in 3.64 ms, found 4 plugins.
Preloading 0 native plugins for Editor in 0.00 ms.
Unloading 3720 Unused Serialized files (Serialized files now loaded: 0)
Unloading 22 unused Assets / (24.6 KB). Loaded Objects now: 4200.
Memory consumption went from 146.4 MB to 146.3 MB.
Total: 3.086000 ms (FindLiveObjects: 0.225600 ms CreateObjectMapping: 0.157400 ms MarkObjects: 2.686100 ms  DeleteObjects: 0.016200 ms)

AssetImportParameters requested are different than current active one (requested -> active):
  custom:video-decoder-ogg-theora: a1e56fd34408186e4bbccfd4996cb3dc -> 
  custom:container-muxer-webm: aa71ff27fc2769a1b78a27578f13a17b -> 
  custom:container-demuxer-webm: 4f35f7cbe854078d1ac9338744f61a02 -> 
  custom:video-encoder-webm-vp8: eb34c28f22e8b96e1ab97ce403110664 -> 
  custom:audio-encoder-webm-vorbis: bf7c407c2cedff20999df2af8eb42d56 -> 
  custom:framework-win-MediaFoundation: 216162199b28c13a410421893ffa2e32 -> 
  custom:container-demuxer-ogg: 62fdf1f143b41e24485cea50d1cbac27 -> 
  custom:video-decoder-webm-vp8: 9c59270c3fd7afecdb556c50c9e8de78 -> 
  custom:audio-decoder-ogg-vorbis: bf7c407c2cedff20999df2af8eb42d56 -> 
========================================================================
Received Prepare
Registering precompiled user dll's ...
Registered in 0.005090 seconds.
Begin MonoManager ReloadAssembly
Symbol file LoadedFromMemory doesn't match image C:\Users\SCIO\Documents\UnityCollab\StrawhatAdventure\Library\PackageCache\com.unity.visualscripting@1.8.0\Editor\VisualScripting.Core\Dependencies\YamlDotNet\Unity.VisualScripting.YamlDotNet.dll
Symbol file LoadedFromMemory doesn't match image C:\Users\SCIO\Documents\UnityCollab\StrawhatAdventure\Library\PackageCache\com.unity.visualscripting@1.8.0\Editor\VisualScripting.Core\Dependencies\DotNetZip\Unity.VisualScripting.IonicZip.dll
Native extension for WindowsStandalone target not found
Native extension for WebGL target not found
Refreshing native plugins compatible for Editor in 1.14 ms, found 4 plugins.
Preloading 0 native plugins for Editor in 0.00 ms.
Mono: successfully reloaded assembly
- Completed reload, in  0.988 seconds
Domain Reload Profiling:
	ReloadAssembly (988ms)
		BeginReloadAssembly (114ms)
			ExecutionOrderSort (0ms)
			DisableScriptedObjects (6ms)
			BackupInstance (0ms)
			ReleaseScriptingObjects (0ms)
			CreateAndSetChildDomain (35ms)
		EndReloadAssembly (791ms)
			LoadAssemblies (73ms)
			RebuildTransferFunctionScriptingTraits (0ms)
			SetupTypeCache (188ms)
			ReleaseScriptCaches (1ms)
			RebuildScriptCaches (36ms)
			SetupLoadedEditorAssemblies (449ms)
				LogAssemblyErrors (0ms)
				InitializePlatformSupportModulesInManaged (20ms)
				SetLoadedEditorAssemblies (1ms)
				RefreshPlugins (1ms)
				BeforeProcessingInitializeOnLoad (80ms)
				ProcessInitializeOnLoadAttributes (314ms)
				ProcessInitializeOnLoadMethodAttributes (26ms)
				AfterProcessingInitializeOnLoad (7ms)
				EditorAssembliesLoaded (0ms)
			ExecutionOrderSort2 (0ms)
			AwakeInstancesAfterBackupRestoration (7ms)
Platform modules already initialized, skipping
Refreshing native plugins compatible for Editor in 3.73 ms, found 4 plugins.
Preloading 0 native plugins for Editor in 0.00 ms.
Unloading 3720 Unused Serialized files (Serialized files now loaded: 0)
Unloading 22 unused Assets / (24.6 KB). Loaded Objects now: 4203.
Memory consumption went from 146.4 MB to 146.4 MB.
Total: 3.267300 ms (FindLiveObjects: 0.232000 ms CreateObjectMapping: 0.166200 ms MarkObjects: 2.848400 ms  DeleteObjects: 0.019900 ms)

AssetImportParameters requested are different than current active one (requested -> active):
  custom:video-decoder-ogg-theora: a1e56fd34408186e4bbccfd4996cb3dc -> 
  custom:container-muxer-webm: aa71ff27fc2769a1b78a27578f13a17b -> 
  custom:container-demuxer-webm: 4f35f7cbe854078d1ac9338744f61a02 -> 
  custom:video-encoder-webm-vp8: eb34c28f22e8b96e1ab97ce403110664 -> 
  custom:audio-encoder-webm-vorbis: bf7c407c2cedff20999df2af8eb42d56 -> 
  custom:framework-win-MediaFoundation: 216162199b28c13a410421893ffa2e32 -> 
  custom:container-demuxer-ogg: 62fdf1f143b41e24485cea50d1cbac27 -> 
  custom:video-decoder-webm-vp8: 9c59270c3fd7afecdb556c50c9e8de78 -> 
  custom:audio-decoder-ogg-vorbis: bf7c407c2cedff20999df2af8eb42d56 -> 
